********************************************************************************
product = WebSphere Application Server 2017.9.0.1 (wlp-1.0.18.201709251422)
wlp.install.dir = /Users/Hemankita.Perabathini@ibm.com/Downloads/Wfd_MicroProfile1.2/Wfd_Appetizer/target/liberty/wlp/
java.home = /Library/Java/JavaVirtualMachines/jdk1.8.0_131.jdk/Contents/Home/jre
java.version = 1.8.0_131
java.runtime = Java(TM) SE Runtime Environment (1.8.0_131-b11)
os = Mac OS X (10.12.6; x86_64) (en_US)
process = 99567@Hemankitas-MacBook-Pro.local
********************************************************************************
[10/18/17 14:51:19:279 CDT] 00000001 com.ibm.ws.kernel.launch.internal.FrameworkManager           A CWWKE0001I: The server defaultServer has been launched.
[10/18/17 14:51:19:291 CDT] 00000001 com.ibm.ws.kernel.launch.internal.FrameworkManager           A CWWKE0104I: This product is a beta and cannot be used in production. The full license terms can be viewed here: https://public.dhe.ibm.com/ibmdl/export/pub/software/websphere/wasdev/license/early_access/ilar/2017.9.0.1/lafiles/en.html
[10/18/17 14:51:20:402 CDT] 00000001 com.ibm.ws.kernel.launch.internal.FrameworkManager           I CWWKE0002I: The kernel started after 6.384 seconds
[10/18/17 14:51:20:423 CDT] 00000019 com.ibm.ws.kernel.feature.internal.FeatureManager            I CWWKF0007I: Feature update started.
[10/18/17 14:51:20:880 CDT] 00000011 com.ibm.ws.security.ready.internal.SecurityReadyServiceImpl  I CWWKS0007I: The security service is starting...
[10/18/17 14:51:21:260 CDT] 00000011 com.ibm.ws.app.manager.internal.monitor.DropinMonitor        A CWWKZ0058I: Monitoring dropins for applications. 
[10/18/17 14:51:21:285 CDT] 0000001d com.ibm.ws.tcpchannel.internal.TCPChannel                    I CWWKO0219I: TCP Channel defaultHttpEndpoint has been started and is now listening for requests on host *  (IPv6) port 9081.
[10/18/17 14:51:21:479 CDT] 00000011 com.ibm.ws.cache.ServerCache                                 I DYNA1001I: WebSphere Dynamic Cache instance named baseCache initialized successfully.
[10/18/17 14:51:21:481 CDT] 00000011 com.ibm.ws.cache.ServerCache                                 I DYNA1071I: The cache provider default is being used.
[10/18/17 14:51:21:482 CDT] 00000011 com.ibm.ws.cache.CacheServiceImpl                            I DYNA1056I: Dynamic Cache (object cache) initialized successfully.
[10/18/17 14:51:21:640 CDT] 00000011 ibm.ws.security.authentication.internal.jaas.JAASServiceImpl I CWWKS1123I: The collective authentication plugin with class name NullCollectiveAuthenticationPlugin has been activated. 
[10/18/17 14:51:21:676 CDT] 00000023 com.ibm.ws.security.token.ltpa.internal.LTPAKeyCreateTask    I CWWKS4105I: LTPA configuration is ready after 0.060 seconds.
[10/18/17 14:51:21:851 CDT] 00000011 com.ibm.ws.security.jwt.internal.ConsumerImpl                I CWWKS6012I: The JSON Web Token (JWT) consumer service is available.
[10/18/17 14:51:21:867 CDT] 00000011 com.ibm.ws.security.jwt.web.JwtEndpointServices              I CWWKS6002I: The JSON Web Token (JWT) endpoint service is available.
[10/18/17 14:51:26:977 CDT] 00000011 com.ibm.ws.security.mp.jwt.impl.MicroProfileJwtServiceImpl   I CWWKS5500I: The MicroProfile JWT configuration [MicroProfileJwtService] was successfully processed.
[10/18/17 14:51:27:068 CDT] 00000011 com.ibm.ws.session.WASSessionCore                            I SESN8501I: The session manager did not find a persistent storage location; HttpSession objects will be stored in the local application server's memory.
[10/18/17 14:51:27:505 CDT] 00000029 com.ibm.ws.app.manager.AppMessageHelper                      I CWWKZ0018I: Starting application WfdAppetizer-1.0-SNAPSHOT.
[10/18/17 14:51:27:679 CDT] 00000023 com.ibm.ws.webcontainer.osgi.webapp.WebGroup                 I SRVE0169I: Loading Web Module: ibm/api.
[10/18/17 14:51:27:679 CDT] 00000026 com.ibm.ws.webcontainer.osgi.webapp.WebGroup                 I SRVE0169I: Loading Web Module: health.
[10/18/17 14:51:27:683 CDT] 00000023 com.ibm.ws.webcontainer                                      I SRVE0250I: Web Module ibm/api has been bound to default_host.
[10/18/17 14:51:27:683 CDT] 00000026 com.ibm.ws.webcontainer                                      I SRVE0250I: Web Module health has been bound to default_host.
[10/18/17 14:51:27:685 CDT] 00000023 com.ibm.ws.http.internal.VirtualHostImpl                     A CWWKT0016I: Web application available (default_host): http://192.168.0.8:9081/ibm/api/
[10/18/17 14:51:27:687 CDT] 00000031 com.ibm.ws.webcontainer.osgi.webapp.WebGroup                 I SRVE0169I: Loading Web Module: MicroProfileMetrics.
[10/18/17 14:51:27:687 CDT] 00000026 com.ibm.ws.http.internal.VirtualHostImpl                     A CWWKT0016I: Web application available (default_host): http://192.168.0.8:9081/health/
[10/18/17 14:51:27:688 CDT] 00000031 com.ibm.ws.webcontainer                                      I SRVE0250I: Web Module MicroProfileMetrics has been bound to default_host.
[10/18/17 14:51:27:688 CDT] 00000031 com.ibm.ws.http.internal.VirtualHostImpl                     A CWWKT0016I: Web application available (default_host): http://192.168.0.8:9081/metrics/
[10/18/17 14:51:27:697 CDT] 00000022 com.ibm.ws.webcontainer.osgi.webapp.WebGroup                 I SRVE0169I: Loading Web Module: com.ibm.ws.security.jwt.
[10/18/17 14:51:27:698 CDT] 00000022 com.ibm.ws.webcontainer                                      I SRVE0250I: Web Module com.ibm.ws.security.jwt has been bound to default_host.
[10/18/17 14:51:27:698 CDT] 00000022 com.ibm.ws.http.internal.VirtualHostImpl                     A CWWKT0016I: Web application available (default_host): http://192.168.0.8:9081/jwt/
[10/18/17 14:51:27:725 CDT] 0000002a com.ibm.ws.session.WASSessionCore                            I SESN0176I: A new session context will be created for application key default_host/ibm/api
[10/18/17 14:51:27:725 CDT] 0000002c com.ibm.ws.session.WASSessionCore                            I SESN0176I: A new session context will be created for application key default_host/metrics
[10/18/17 14:51:27:725 CDT] 00000032 com.ibm.ws.session.WASSessionCore                            I SESN0176I: A new session context will be created for application key default_host/jwt
[10/18/17 14:51:27:725 CDT] 0000002b com.ibm.ws.session.WASSessionCore                            I SESN0176I: A new session context will be created for application key default_host/health
[10/18/17 14:51:27:740 CDT] 00000032 com.ibm.ws.util                                              I SESN0172I: The session manager is using the Java default SecureRandom implementation for session ID generation.
[10/18/17 14:51:27:748 CDT] 0000002b com.ibm.ws.util                                              I SESN0172I: The session manager is using the Java default SecureRandom implementation for session ID generation.
[10/18/17 14:51:27:749 CDT] 0000002c com.ibm.ws.util                                              I SESN0172I: The session manager is using the Java default SecureRandom implementation for session ID generation.
[10/18/17 14:51:27:750 CDT] 0000002a com.ibm.ws.util                                              I SESN0172I: The session manager is using the Java default SecureRandom implementation for session ID generation.
[10/18/17 14:51:27:767 CDT] 0000002c com.ibm.ws.cache.CacheServiceImpl                            I DYNA1056I: Dynamic Cache (object cache) initialized successfully.
[10/18/17 14:51:27:768 CDT] 00000029 org.jboss.weld.Version                                       I WELD-000900: 2.4.3 (Final)
[10/18/17 14:51:27:815 CDT] 0000002c com.ibm.ws.webcontainer.servlet                              I SRVE0242I: [com.ibm.ws.microprofile.metrics] [/metrics] [MetricsRESTProxyServlet]: Initialization successful.
[10/18/17 14:51:27:932 CDT] 00000029 com.ibm.ws.webcontainer.osgi.webapp.WebGroup                 I SRVE0169I: Loading Web Module: WfdAppetizer.
[10/18/17 14:51:27:932 CDT] 00000029 com.ibm.ws.webcontainer                                      I SRVE0250I: Web Module WfdAppetizer has been bound to default_host.
[10/18/17 14:51:27:932 CDT] 00000029 com.ibm.ws.http.internal.VirtualHostImpl                     A CWWKT0016I: Web application available (default_host): http://192.168.0.8:9081/WfdAppetizer/
[10/18/17 14:51:27:934 CDT] 00000029 com.ibm.ws.app.manager.AppMessageHelper                      A CWWKZ0001I: Application WfdAppetizer-1.0-SNAPSHOT started in 0.429 seconds.
[10/18/17 14:51:27:941 CDT] 00000019 com.ibm.ws.kernel.feature.internal.FeatureManager            A CWWKF0012I: The server installed the following features: [microProfile-1.2, mpFaultTolerance-1.0, servlet-3.1, ssl-1.0, jndi-1.0, mpHealth-1.0, jsonp-1.0, appSecurity-2.0, mpConfig-1.1, jaxrs-2.0, jaxrsClient-2.0, concurrent-1.0, jwt-1.0, mpMetrics-1.0, mpJwt-1.0, json-1.0, cdi-1.2, distributedMap-1.0].
[10/18/17 14:51:27:941 CDT] 00000019 com.ibm.ws.kernel.feature.internal.FeatureManager            I CWWKF0008I: Feature update completed in 7.540 seconds.
[10/18/17 14:51:27:941 CDT] 00000019 com.ibm.ws.kernel.feature.internal.FeatureManager            A CWWKF0011I: The server defaultServer is ready to run a smarter planet.
[10/18/17 14:51:27:961 CDT] 0000001d com.ibm.ws.session.WASSessionCore                            I SESN0176I: A new session context will be created for application key default_host/WfdAppetizer
[10/18/17 14:51:27:962 CDT] 0000001d com.ibm.ws.util                                              I SESN0172I: The session manager is using the Java default SecureRandom implementation for session ID generation.
[10/18/17 14:51:28:123 CDT] 00000020 com.ibm.ws.webcontainer.osgi.mbeans.PluginGenerator          I SRVE9103I: A configuration file for a web server plugin was automatically generated for this server at /Users/Hemankita.Perabathini@ibm.com/Downloads/Wfd_MicroProfile1.2/Wfd_Appetizer/target/liberty/wlp/usr/servers/defaultServer/logs/state/plugin-cfg.xml.
[10/18/17 14:56:30:544 CDT] 0000005f 040[com.ibm.ws.jaxrs.2.0.common:1.0.18.201709251446(id=173)] I Setting the server's publish address to be /rest/
[10/18/17 14:56:30:718 CDT] 0000005f com.ibm.ws.webcontainer.servlet                              I SRVE0242I: [WfdAppetizer-1.0-SNAPSHOT] [/WfdAppetizer] [application.rest.AppetizerApplication]: Initialization successful.
[10/18/17 20:24:20:638 CDT] 0000000f com.ibm.ws.kernel.launch.internal.ServerCommandListener      A CWWKE0055I: Server shutdown requested on Wednesday, October 18, 2017 at 8:24 PM. The server defaultServer is shutting down.
[10/18/17 20:24:20:687 CDT] 00000977 com.ibm.ws.runtime.update.internal.RuntimeUpdateManagerImpl  A CWWKE1100I: Waiting for up to 30 seconds for the server to quiesce.
[10/18/17 20:24:20:707 CDT] 00000978 com.ibm.ws.tcpchannel.internal.TCPChannel                    I CWWKO0220I: TCP Channel defaultHttpEndpoint has stopped listening for requests on host *  (IPv6) port 9081.
[10/18/17 20:24:20:714 CDT] 00000978 com.ibm.ws.http.internal.VirtualHostImpl                     A CWWKT0017I: Web application removed (default_host): http://192.168.0.8:9081/jwt/
[10/18/17 20:24:20:715 CDT] 00000978 com.ibm.ws.http.internal.VirtualHostImpl                     A CWWKT0017I: Web application removed (default_host): http://192.168.0.8:9081/WfdAppetizer/
[10/18/17 20:24:20:715 CDT] 00000978 com.ibm.ws.http.internal.VirtualHostImpl                     A CWWKT0017I: Web application removed (default_host): http://192.168.0.8:9081/health/
[10/18/17 20:24:20:715 CDT] 00000978 com.ibm.ws.http.internal.VirtualHostImpl                     A CWWKT0017I: Web application removed (default_host): http://192.168.0.8:9081/metrics/
[10/18/17 20:24:20:715 CDT] 00000978 com.ibm.ws.http.internal.VirtualHostImpl                     A CWWKT0017I: Web application removed (default_host): http://192.168.0.8:9081/ibm/api/
[10/18/17 20:24:20:737 CDT] 00000977 com.ibm.ws.runtime.update.internal.RuntimeUpdateManagerImpl  I CWWKE1101I: Server quiesce complete.
[10/18/17 20:24:20:777 CDT] 00000975 com.ibm.ws.webcontainer.servlet                              I SRVE0253I: [WfdAppetizer-1.0-SNAPSHOT] [/WfdAppetizer] [application.rest.AppetizerApplication]: Destroy successful.
[10/18/17 20:24:20:789 CDT] 00000975 com.ibm.ws.app.manager.AppMessageHelper                      A CWWKZ0009I: The application WfdAppetizer-1.0-SNAPSHOT has stopped successfully.
[10/18/17 20:24:20:815 CDT] 00000977 com.ibm.ws.webcontainer.servlet                              I SRVE0253I: [com.ibm.ws.microprofile.metrics] [/metrics] [MetricsRESTProxyServlet]: Destroy successful.
[10/18/17 20:24:20:855 CDT] 00000977 com.ibm.ws.security.mp.jwt.impl.MicroProfileJwtServiceImpl   I CWWKS5502I: The MicroProfile JWT configuration [MicroProfileJwtService] was successfully deactivated.
[10/18/17 20:24:20:949 CDT] 00000977 com.ibm.ws.security.ready.internal.SecurityReadyServiceImpl  I CWWKS0009I: The security service has stopped.
[10/18/17 20:24:20:961 CDT] 00000977 ibm.ws.security.authentication.internal.jaas.JAASServiceImpl I CWWKS1124I: The collective authentication plugin with class name NullCollectiveAuthenticationPlugin has been deactivated. 
[10/18/17 20:24:21:156 CDT] 00000001 com.ibm.ws.kernel.launch.internal.FrameworkManager           A CWWKE0036I: The server defaultServer stopped after 4 hours, 25 minutes, 27.853 seconds.
