********************************************************************************
product = WebSphere Application Server 2017.9.0.1 (wlp-1.0.18.201709251422)
wlp.install.dir = /Users/Hemankita.Perabathini@ibm.com/Downloads/Wfd_MicroProfile1.2/Wfd_Appetizer/target/liberty/wlp/
java.home = /Library/Java/JavaVirtualMachines/jdk1.8.0_131.jdk/Contents/Home/jre
java.version = 1.8.0_131
java.runtime = Java(TM) SE Runtime Environment (1.8.0_131-b11)
os = Mac OS X (10.12.6; x86_64) (en_US)
process = 43288@Hemankitas-MacBook-Pro.local
********************************************************************************
[10/18/17 11:18:21:304 CDT] 00000001 com.ibm.ws.kernel.launch.internal.FrameworkManager           A CWWKE0001I: The server defaultServer has been launched.
[10/18/17 11:18:21:315 CDT] 00000001 com.ibm.ws.kernel.launch.internal.FrameworkManager           A CWWKE0104I: This product is a beta and cannot be used in production. The full license terms can be viewed here: https://public.dhe.ibm.com/ibmdl/export/pub/software/websphere/wasdev/license/early_access/ilar/2017.9.0.1/lafiles/en.html
[10/18/17 11:18:22:221 CDT] 00000001 com.ibm.ws.kernel.launch.internal.FrameworkManager           I CWWKE0002I: The kernel started after 6.101 seconds
[10/18/17 11:18:22:270 CDT] 00000019 com.ibm.ws.kernel.feature.internal.FeatureManager            I CWWKF0007I: Feature update started.
[10/18/17 11:18:23:580 CDT] 00000011 com.ibm.ws.security.ready.internal.SecurityReadyServiceImpl  I CWWKS0007I: The security service is starting...
[10/18/17 11:18:25:084 CDT] 00000011 com.ibm.ws.app.manager.internal.monitor.DropinMonitor        A CWWKZ0058I: Monitoring dropins for applications. 
[10/18/17 11:18:25:111 CDT] 00000021 com.ibm.ws.tcpchannel.internal.TCPChannel                    I CWWKO0219I: TCP Channel defaultHttpEndpoint has been started and is now listening for requests on host *  (IPv6) port 9081.
[10/18/17 11:18:25:326 CDT] 00000011 com.ibm.ws.cache.ServerCache                                 I DYNA1001I: WebSphere Dynamic Cache instance named baseCache initialized successfully.
[10/18/17 11:18:25:328 CDT] 00000011 com.ibm.ws.cache.ServerCache                                 I DYNA1071I: The cache provider default is being used.
[10/18/17 11:18:25:328 CDT] 00000011 com.ibm.ws.cache.CacheServiceImpl                            I DYNA1056I: Dynamic Cache (object cache) initialized successfully.
[10/18/17 11:18:25:559 CDT] 00000027 com.ibm.ws.security.token.ltpa.internal.LTPAKeyInfoManager   I CWWKS4103I: Creating the LTPA keys. This may take a few seconds.
[10/18/17 11:18:25:584 CDT] 00000011 ibm.ws.security.authentication.internal.jaas.JAASServiceImpl I CWWKS1123I: The collective authentication plugin with class name NullCollectiveAuthenticationPlugin has been activated. 
[10/18/17 11:18:25:809 CDT] 00000011 com.ibm.ws.security.jwt.internal.ConsumerImpl                I CWWKS6012I: The JSON Web Token (JWT) consumer service is available.
[10/18/17 11:18:25:827 CDT] 00000011 com.ibm.ws.security.jwt.web.JwtEndpointServices              I CWWKS6002I: The JSON Web Token (JWT) endpoint service is available.
[10/18/17 11:18:26:078 CDT] 00000027 com.ibm.ws.security.token.ltpa.internal.LTPAKeyInfoManager   A CWWKS4104A: LTPA keys created in 0.519 seconds. LTPA key file: /Users/Hemankita.Perabathini@ibm.com/Downloads/Wfd_MicroProfile1.2/Wfd_Appetizer/target/liberty/wlp/usr/servers/defaultServer/resources/security/ltpa.keys
[10/18/17 11:18:26:083 CDT] 00000027 com.ibm.ws.security.token.ltpa.internal.LTPAKeyCreateTask    I CWWKS4105I: LTPA configuration is ready after 0.529 seconds.
[10/18/17 11:18:30:934 CDT] 00000011 com.ibm.ws.security.mp.jwt.impl.MicroProfileJwtServiceImpl   I CWWKS5500I: The MicroProfile JWT configuration [MicroProfileJwtService] was successfully processed.
[10/18/17 11:18:31:045 CDT] 00000011 com.ibm.ws.session.WASSessionCore                            I SESN8501I: The session manager did not find a persistent storage location; HttpSession objects will be stored in the local application server's memory.
[10/18/17 11:18:31:562 CDT] 00000026 com.ibm.ws.app.manager.AppMessageHelper                      I CWWKZ0018I: Starting application WfdAppetizer-1.0-SNAPSHOT.
[10/18/17 11:18:31:740 CDT] 0000001d com.ibm.ws.webcontainer.osgi.webapp.WebGroup                 I SRVE0169I: Loading Web Module: ibm/api.
[10/18/17 11:18:31:742 CDT] 0000001d com.ibm.ws.webcontainer                                      I SRVE0250I: Web Module ibm/api has been bound to default_host.
[10/18/17 11:18:31:743 CDT] 0000001d com.ibm.ws.http.internal.VirtualHostImpl                     A CWWKT0016I: Web application available (default_host): http://9.24.29.155:9081/ibm/api/
[10/18/17 11:18:31:745 CDT] 0000002a com.ibm.ws.webcontainer.osgi.webapp.WebGroup                 I SRVE0169I: Loading Web Module: health.
[10/18/17 11:18:31:745 CDT] 0000002a com.ibm.ws.webcontainer                                      I SRVE0250I: Web Module health has been bound to default_host.
[10/18/17 11:18:31:745 CDT] 0000002a com.ibm.ws.http.internal.VirtualHostImpl                     A CWWKT0016I: Web application available (default_host): http://9.24.29.155:9081/health/
[10/18/17 11:18:31:755 CDT] 0000001f com.ibm.ws.webcontainer.osgi.webapp.WebGroup                 I SRVE0169I: Loading Web Module: MicroProfileMetrics.
[10/18/17 11:18:31:755 CDT] 00000031 com.ibm.ws.webcontainer.osgi.webapp.WebGroup                 I SRVE0169I: Loading Web Module: com.ibm.ws.security.jwt.
[10/18/17 11:18:31:755 CDT] 0000001f com.ibm.ws.webcontainer                                      I SRVE0250I: Web Module MicroProfileMetrics has been bound to default_host.
[10/18/17 11:18:31:755 CDT] 00000031 com.ibm.ws.webcontainer                                      I SRVE0250I: Web Module com.ibm.ws.security.jwt has been bound to default_host.
[10/18/17 11:18:31:755 CDT] 0000001f com.ibm.ws.http.internal.VirtualHostImpl                     A CWWKT0016I: Web application available (default_host): http://9.24.29.155:9081/metrics/
[10/18/17 11:18:31:755 CDT] 00000031 com.ibm.ws.http.internal.VirtualHostImpl                     A CWWKT0016I: Web application available (default_host): http://9.24.29.155:9081/jwt/
[10/18/17 11:18:31:787 CDT] 00000027 com.ibm.ws.session.WASSessionCore                            I SESN0176I: A new session context will be created for application key default_host/metrics
[10/18/17 11:18:31:787 CDT] 0000002c com.ibm.ws.session.WASSessionCore                            I SESN0176I: A new session context will be created for application key default_host/health
[10/18/17 11:18:31:787 CDT] 0000001b com.ibm.ws.session.WASSessionCore                            I SESN0176I: A new session context will be created for application key default_host/ibm/api
[10/18/17 11:18:31:787 CDT] 00000032 com.ibm.ws.session.WASSessionCore                            I SESN0176I: A new session context will be created for application key default_host/jwt
[10/18/17 11:18:31:802 CDT] 00000027 com.ibm.ws.util                                              I SESN0172I: The session manager is using the Java default SecureRandom implementation for session ID generation.
[10/18/17 11:18:31:812 CDT] 00000032 com.ibm.ws.util                                              I SESN0172I: The session manager is using the Java default SecureRandom implementation for session ID generation.
[10/18/17 11:18:31:814 CDT] 0000001b com.ibm.ws.util                                              I SESN0172I: The session manager is using the Java default SecureRandom implementation for session ID generation.
[10/18/17 11:18:31:814 CDT] 0000002c com.ibm.ws.util                                              I SESN0172I: The session manager is using the Java default SecureRandom implementation for session ID generation.
[10/18/17 11:18:31:833 CDT] 00000032 com.ibm.ws.cache.CacheServiceImpl                            I DYNA1056I: Dynamic Cache (object cache) initialized successfully.
[10/18/17 11:18:31:836 CDT] 00000026 org.jboss.weld.Version                                       I WELD-000900: 2.4.3 (Final)
[10/18/17 11:18:31:875 CDT] 00000027 com.ibm.ws.webcontainer.servlet                              I SRVE0242I: [com.ibm.ws.microprofile.metrics] [/metrics] [MetricsRESTProxyServlet]: Initialization successful.
[10/18/17 11:18:32:008 CDT] 00000026 com.ibm.ws.webcontainer.osgi.webapp.WebGroup                 I SRVE0169I: Loading Web Module: WfdAppetizer.
[10/18/17 11:18:32:009 CDT] 00000026 com.ibm.ws.webcontainer                                      I SRVE0250I: Web Module WfdAppetizer has been bound to default_host.
[10/18/17 11:18:32:009 CDT] 00000026 com.ibm.ws.http.internal.VirtualHostImpl                     A CWWKT0016I: Web application available (default_host): http://9.24.29.155:9081/WfdAppetizer/
[10/18/17 11:18:32:013 CDT] 00000026 com.ibm.ws.app.manager.AppMessageHelper                      A CWWKZ0001I: Application WfdAppetizer-1.0-SNAPSHOT started in 0.451 seconds.
[10/18/17 11:18:32:033 CDT] 0000002e com.ibm.ws.session.WASSessionCore                            I SESN0176I: A new session context will be created for application key default_host/WfdAppetizer
[10/18/17 11:18:32:033 CDT] 0000002e com.ibm.ws.util                                              I SESN0172I: The session manager is using the Java default SecureRandom implementation for session ID generation.
[10/18/17 11:18:32:037 CDT] 00000019 com.ibm.ws.kernel.feature.internal.FeatureManager            A CWWKF0012I: The server installed the following features: [microProfile-1.2, mpFaultTolerance-1.0, servlet-3.1, ssl-1.0, jndi-1.0, mpHealth-1.0, jsonp-1.0, appSecurity-2.0, mpConfig-1.1, jaxrs-2.0, jaxrsClient-2.0, concurrent-1.0, jwt-1.0, mpMetrics-1.0, mpJwt-1.0, json-1.0, cdi-1.2, distributedMap-1.0].
[10/18/17 11:18:32:038 CDT] 00000019 com.ibm.ws.kernel.feature.internal.FeatureManager            I CWWKF0008I: Feature update completed in 9.819 seconds.
[10/18/17 11:18:32:038 CDT] 00000019 com.ibm.ws.kernel.feature.internal.FeatureManager            A CWWKF0011I: The server defaultServer is ready to run a smarter planet.
[10/18/17 11:18:32:195 CDT] 0000001c com.ibm.ws.webcontainer.osgi.mbeans.PluginGenerator          I SRVE9103I: A configuration file for a web server plugin was automatically generated for this server at /Users/Hemankita.Perabathini@ibm.com/Downloads/Wfd_MicroProfile1.2/Wfd_Appetizer/target/liberty/wlp/usr/servers/defaultServer/logs/state/plugin-cfg.xml.
[10/18/17 11:18:33:555 CDT] 0000001d 4c6[com.ibm.ws.jaxrs.2.0.common:1.0.18.201709251446(id=173)] I Setting the server's publish address to be /rest/
[10/18/17 11:18:33:766 CDT] 0000001d com.ibm.ws.webcontainer.servlet                              I SRVE0242I: [WfdAppetizer-1.0-SNAPSHOT] [/WfdAppetizer] [application.rest.AppetizerApplication]: Initialization successful.
[10/18/17 11:18:34:145 CDT] 0000000f com.ibm.ws.kernel.launch.internal.ServerCommandListener      A CWWKE0055I: Server shutdown requested on Wednesday, October 18, 2017 at 11:18 AM. The server defaultServer is shutting down.
[10/18/17 11:18:34:148 CDT] 00000034 com.ibm.ws.runtime.update.internal.RuntimeUpdateManagerImpl  A CWWKE1100I: Waiting for up to 30 seconds for the server to quiesce.
[10/18/17 11:18:34:152 CDT] 00000035 com.ibm.ws.tcpchannel.internal.TCPChannel                    I CWWKO0220I: TCP Channel defaultHttpEndpoint has stopped listening for requests on host *  (IPv6) port 9081.
[10/18/17 11:18:34:153 CDT] 00000035 com.ibm.ws.http.internal.VirtualHostImpl                     A CWWKT0017I: Web application removed (default_host): http://9.24.29.155:9081/jwt/
[10/18/17 11:18:34:154 CDT] 00000035 com.ibm.ws.http.internal.VirtualHostImpl                     A CWWKT0017I: Web application removed (default_host): http://9.24.29.155:9081/WfdAppetizer/
[10/18/17 11:18:34:154 CDT] 00000035 com.ibm.ws.http.internal.VirtualHostImpl                     A CWWKT0017I: Web application removed (default_host): http://9.24.29.155:9081/health/
[10/18/17 11:18:34:154 CDT] 00000035 com.ibm.ws.http.internal.VirtualHostImpl                     A CWWKT0017I: Web application removed (default_host): http://9.24.29.155:9081/metrics/
[10/18/17 11:18:34:154 CDT] 00000035 com.ibm.ws.http.internal.VirtualHostImpl                     A CWWKT0017I: Web application removed (default_host): http://9.24.29.155:9081/ibm/api/
[10/18/17 11:18:34:157 CDT] 00000034 com.ibm.ws.runtime.update.internal.RuntimeUpdateManagerImpl  I CWWKE1101I: Server quiesce complete.
[10/18/17 11:18:34:183 CDT] 00000021 com.ibm.ws.webcontainer.servlet                              I SRVE0253I: [WfdAppetizer-1.0-SNAPSHOT] [/WfdAppetizer] [application.rest.AppetizerApplication]: Destroy successful.
[10/18/17 11:18:34:189 CDT] 00000021 com.ibm.ws.app.manager.AppMessageHelper                      A CWWKZ0009I: The application WfdAppetizer-1.0-SNAPSHOT has stopped successfully.
[10/18/17 11:18:34:219 CDT] 00000034 com.ibm.ws.webcontainer.servlet                              I SRVE0253I: [com.ibm.ws.microprofile.metrics] [/metrics] [MetricsRESTProxyServlet]: Destroy successful.
[10/18/17 11:18:34:253 CDT] 00000034 com.ibm.ws.security.mp.jwt.impl.MicroProfileJwtServiceImpl   I CWWKS5502I: The MicroProfile JWT configuration [MicroProfileJwtService] was successfully deactivated.
[10/18/17 11:18:34:330 CDT] 00000034 com.ibm.ws.security.ready.internal.SecurityReadyServiceImpl  I CWWKS0009I: The security service has stopped.
[10/18/17 11:18:34:338 CDT] 00000034 ibm.ws.security.authentication.internal.jaas.JAASServiceImpl I CWWKS1124I: The collective authentication plugin with class name NullCollectiveAuthenticationPlugin has been deactivated. 
[10/18/17 11:18:34:566 CDT] 00000001 com.ibm.ws.kernel.launch.internal.FrameworkManager           A CWWKE0036I: The server defaultServer stopped after 18.448 seconds.
